make all --print-data-base --no-builtin-variables --no-builtin-rules --question
# GNU Make 3.81
# Copyright (C) 2006  Free Software Foundation, Inc.
# This is free software; see the source for copying conditions.
# There is NO warranty; not even for MERCHANTABILITY or FITNESS FOR A
# PARTICULAR PURPOSE.

# This program built for i386-apple-darwin11.3.0

# Make data base, printed on Tue May 17 09:38:41 2022

# Variables

# makefile (from `Makefile', line 22)
TARGET_EXE = $(TARGET)$(EXE)
# automatic
<D = $(patsubst %/,%,$(dir $<))
# automatic
?F = $(notdir $?)
# environment
VSCODE_LOG_NATIVE = false
# makefile (from `Makefile', line 14)
TARGET = factMain
# automatic
?D = $(patsubst %/,%,$(dir $?))
# automatic
@D = $(patsubst %/,%,$(dir $@))
# makefile (from `Makefile', line 46)
EXE = 
# automatic
@F = $(notdir $@)
# makefile
CURDIR := /Users/sugiyamakouta/Desktop/fact
# makefile
SHELL = /bin/sh
# makefile (from `Makefile', line 45)
RM = rm -f
# environment
VSCODE_NLS_CONFIG = {"locale":"ja","availableLanguages":{"*":"ja"},"_languagePackId":"f5b8523d60216379ef9ba6dc243eb093.ja","_translationsConfigFile":"/Users/sugiyamakouta/Library/Application Support/Code/clp/f5b8523d60216379ef9ba6dc243eb093.ja/tcf.json","_cacheRoot":"/Users/sugiyamakouta/Library/Application Support/Code/clp/f5b8523d60216379ef9ba6dc243eb093.ja","_resolvedLanguagePackCoreLocation":"/Users/sugiyamakouta/Library/Application Support/Code/clp/f5b8523d60216379ef9ba6dc243eb093.ja/da15b6fd3ef856477bf6f4fb29ba1b7af717770d","_corruptedFile":"/Users/sugiyamakouta/Library/Application Support/Code/clp/f5b8523d60216379ef9ba6dc243eb093.ja/corrupted.info","_languagePackSupport":true}
# makefile (from `Makefile', line 29)
TEST_HEADER = 
# environment
_ = /usr/bin/make
# makefile (from `Makefile', line 35)
CFLAGS = -Wall -g
# makefile (from `Makefile', line 1)
MAKEFILE_LIST :=  Makefile
# environment
VSCODE_VERBOSE_LOGGING = true
# makefile (from `Makefile', line 31)
TEST_MAIN = $(TEST_TARGET).o
# environment
__CFBundleIdentifier = com.microsoft.VSCode
# environment
VSCODE_IPC_HOOK_EXTHOST = /var/folders/84/_1qp4h0x0jn7xx3y521531n80000gn/T/vscode-ipc-0a53bcfa-2418-4c32-9f25-da010a3f41a3.sock
# environment
VSCODE_CWD = /
# makefile (from `Makefile', line 47)
CHCP = 
# environment
PATH = /Users/sugiyamakouta/commands:/Users/sugiyamakouta/.nodebrew/current/bin:/usr/local/bin:/usr/bin:/bin:/usr/sbin:/sbin:/Applications/VMware Fusion.app/Contents/Public:/Library/TeX/texbin:/opt/X11/bin:/Library/Apple/usr/bin
# makefile (from `Makefile', line 33)
TEST_COMMON = testCommon.o
# environment
VSCODE_LOG_STACK = false
# environment
ELECTRON_RUN_AS_NODE = 1
# default
.FEATURES := target-specific order-only second-expansion else-if archives jobserver check-symlink
# environment
SSH_AUTH_SOCK = /private/tmp/com.apple.launchd.qo4DhJv6sT/Listeners
# automatic
%F = $(notdir $%)
# environment
DISPLAY = /private/tmp/com.apple.launchd.M42LToaxBh/org.xquartz:0
# makefile (from `Makefile', line 11)
TEST_OBJECTS = 
# environment
VSCODE_PIPE_LOGGING = true
# environment
PWD = /Users/sugiyamakouta/Desktop/fact
# environment
ORIGINAL_XDG_CURRENT_DESKTOP = undefined
# environment
VSCODE_AMD_ENTRYPOINT = vs/workbench/api/node/extensionHostProcess
# environment
HOME = /Users/sugiyamakouta
# default
MAKEFILEPATH = $(shell /usr/bin/xcode-select -print-path 2>/dev/null || echo /Developer)/Makefiles
# environment
VSCODE_CODE_CACHE_PATH = /Users/sugiyamakouta/Library/Application Support/Code/CachedData/da15b6fd3ef856477bf6f4fb29ba1b7af717770d
# environment
LOGNAME = sugiyamakouta
# environment
APPLICATION_INSIGHTS_NO_DIAGNOSTIC_CHANNEL = true
# environment
VSCODE_HANDLES_UNCAUGHT_ERRORS = true
# automatic
^D = $(patsubst %/,%,$(dir $^))
# environment
XPC_FLAGS = 0x0
# default
MAKE = $(MAKE_COMMAND)
# default
MAKECMDGOALS := all
# environment
SHLVL = 1
# default
MAKE_VERSION := 3.81
# environment
USER = sugiyamakouta
# makefile
.DEFAULT_GOAL := exec
# automatic
%D = $(patsubst %/,%,$(dir $%))
# default
MAKE_COMMAND := /Library/Developer/CommandLineTools/usr/bin/make
# default
.VARIABLES := 
# environment
TMPDIR = /var/folders/84/_1qp4h0x0jn7xx3y521531n80000gn/T/
# automatic
*F = $(notdir $*)
# environment
VSCODE_IPC_HOOK = /Users/sugiyamakouta/Library/Application Support/Code/1.67.1-main.sock
# makefile
MAKEFLAGS = Rrqp
# environment
MFLAGS = -Rrqp
# automatic
*D = $(patsubst %/,%,$(dir $*))
# makefile (from `Makefile', line 26)
MAIN = $(TARGET).o
# environment
XPC_SERVICE_NAME = application.com.microsoft.VSCode.34913827.34913833
# automatic
+D = $(patsubst %/,%,$(dir $+))
# automatic
+F = $(notdir $+)
# environment
__CF_USER_TEXT_ENCODING = 0x1F5:0x1:0xE
# environment
COMMAND_MODE = unix2003
# default
MAKEFILES := 
# automatic
<F = $(notdir $<)
# environment
LC_ALL = C
# makefile (from `Makefile', line 5)
HEADER = fact.h
# makefile (from `Makefile', line 37)
LIBS = -lm
# automatic
^F = $(notdir $^)
# default
SUFFIXES := 
# default
.INCLUDE_DIRS = /usr/local/include
# environment
MAKELEVEL := 0
# makefile (from `Makefile', line 8)
OBJECTS = fact.o
# makefile (from `Makefile', line 24)
TEST_TARGET_EXE = $(TEST_TARGET)$(EXE)
# environment
LANG = C
# environment
VSCODE_PID = 89945
# makefile (from `Makefile', line 17)
TEST_TARGET = testFact
# variable set hash-table stats:
# Load=79/1024=8%, Rehash=0, Collisions=2/129=2%

# Pattern-specific Variable Values

# No pattern-specific variable values.

# Directories

# . (device 16777225, inode 34760945): 17 files, no impossibilities.

# 17 files, no impossibilities in 1 directories.

# Implicit Rules

# No implicit rules.

# Files

# Not a target:
fact.h:
#  Implicit rule search has not been done.
#  Modification time never checked.
#  File has not been updated.

# Not a target:
testFact.o:
#  Implicit rule search has not been done.
#  Modification time never checked.
#  File has not been updated.

testFact: testFact.o fact.o testCommon.o fact.h
#  Implicit rule search has not been done.
#  Modification time never checked.
#  File has not been updated.
#  commands to execute (from `Makefile', line 61):
	$(CHCP)
	$(CC) -o $@ $(CFLAGS) $(TEST_MAIN) $(OBJECTS) $(TEST_OBJECTS) $(TEST_COMMON) $(LIBS)
	./${TEST_TARGET_EXE}
	

# Not a target:
all:
#  Command-line target.
#  Implicit rule search has been done.
#  File does not exist.
#  File has not been updated.
# variable set hash-table stats:
# Load=0/32=0%, Rehash=0, Collisions=0/0=0%

# Not a target:
testCommon.o:
#  Implicit rule search has not been done.
#  Modification time never checked.
#  File has not been updated.

# Not a target:
.SUFFIXES:
#  Implicit rule search has not been done.
#  Modification time never checked.
#  File has not been updated.

factMain: factMain.o fact.o fact.h
#  Implicit rule search has not been done.
#  Modification time never checked.
#  File has not been updated.
#  commands to execute (from `Makefile', line 55):
	$(CHCP)
	$(CC) -o $@ $(CFLAGS) $(MAIN) $(OBJECTS) $(LIBS)
	./$(TARGET_EXE)
	

# Not a target:
factMain.o:
#  Implicit rule search has not been done.
#  Modification time never checked.
#  File has not been updated.

# Not a target:
Makefile:
#  Implicit rule search has been done.
#  Last modified 2022-05-16 11:34:32
#  File has been updated.
#  Successfully updated.
# variable set hash-table stats:
# Load=0/32=0%, Rehash=0, Collisions=0/0=0%

test: testFact
#  Implicit rule search has not been done.
#  Modification time never checked.
#  File has not been updated.

# Not a target:
.DEFAULT:
#  Implicit rule search has not been done.
#  Modification time never checked.
#  File has not been updated.

# Not a target:
fact.o:
#  Implicit rule search has not been done.
#  Modification time never checked.
#  File has not been updated.

clean:
#  Implicit rule search has not been done.
#  Modification time never checked.
#  File has not been updated.
#  commands to execute (from `Makefile', line 67):
	$(CHCP)
	$(RM) $(TARGET_EXE) $(TEST_TARGET_EXE) $(MAIN) $(TEST_MAIN) $(OBJECTS) $(TEST_OBJECTS) $(TEST_COMMON)
	

exec: factMain
#  Implicit rule search has not been done.
#  Modification time never checked.
#  File has not been updated.

# files hash-table stats:
# Load=14/1024=1%, Rehash=0, Collisions=3/35=9%
# VPATH Search Paths

# No `vpath' search paths.

 
make: *** No rule to make target `all'.  Stop.

# No general (`VPATH' variable) search path.

# # of strings in strcache: 1
# # of strcache buffers: 1
# strcache size: total = 4096 / max = 4096 / min = 4096 / avg = 4096
# strcache free: total = 4087 / max = 4087 / min = 4087 / avg = 4087

# Finished Make data base on Tue May 17 09:38:41 2022

 
